<?xml version="1.0" encoding="UTF-8"?>
<!-- Generated by org.testng.reporters.JUnitReportReporter -->
<testsuite skipped="0" hostname="PU3D16QSFY1" name="test.java.LoginTest" tests="1" failures="0" timestamp="14 Jul 2017 06:54:43 GMT" time="15.215" errors="0">
  <testcase name="Login" time="15.215" classname="test.java.LoginTest"/>
</testsuite> <!-- test.java.LoginTest -->
