<?xml version="1.0" encoding="UTF-8"?>
<!-- Generated by org.testng.reporters.JUnitReportReporter -->
<testsuite hostname="PU3D16QSFY1" name="LoginTest" tests="1" failures="0" timestamp="14 Jul 2017 06:07:18 GMT" time="19.975" errors="0">
  <testcase name="Login" time="19.975" classname="LoginTest"/>
</testsuite> <!-- LoginTest -->
